[    0.000000] Linux version 4.15.0-212-generic (buildd@lcy02-amd64-083) (gcc version 7.5.0 (Ubuntu 7.5.0-3ubuntu1~18.04)) #223-Ubuntu SMP Tue May 23 13:09:22 UTC 2023 (Ubuntu 4.15.0-212.223-generic 4.15.18)
[    0.000000] Command line: BOOT_IMAGE=/boot/vmlinuz-4.15.0-212-generic root=LABEL=cloudimg-rootfs ro console=tty1 console=ttyS0
[    0.000000] KERNEL supported cpus:
[    0.000000]   Intel GenuineIntel
[    0.000000]   AMD AuthenticAMD
[    0.000000]   Centaur CentaurHauls
[    0.000000] x86/fpu: x87 FPU will use FXSAVE
[    0.000000] e820: BIOS-provided physical RAM map:
[    0.000000] BIOS-e820: [mem 0x0000000000000000-0x000000000009fbff] usable
[    0.000000] BIOS-e820: [mem 0x000000000009fc00-0x000000000009ffff] reserved
[    0.000000] BIOS-e820: [mem 0x00000000000f0000-0x00000000000fffff] reserved
[    0.000000] BIOS-e820: [mem 0x0000000000100000-0x000000001ffeffff] usable
[    0.000000] BIOS-e820: [mem 0x000000001fff0000-0x000000001fffffff] ACPI data
[    0.000000] BIOS-e820: [mem 0x00000000fec00000-0x00000000fec00fff] reserved
[    0.000000] BIOS-e820: [mem 0x00000000fee00000-0x00000000fee00fff] reserved
[    0.000000] BIOS-e820: [mem 0x00000000fffc0000-0x00000000ffffffff] reserved
[    0.000000] NX (Execute Disable) protection: active
[    0.000000] SMBIOS 2.5 present.
[    0.000000] DMI: innotek GmbH VirtualBox/VirtualBox, BIOS VirtualBox 12/01/2006
[    0.000000] Hypervisor detected: KVM
[    0.000000] e820: last_pfn = 0x1fff0 max_arch_pfn = 0x400000000
[    0.000000] MTRR: Disabled
[    0.000000] x86/PAT: MTRRs disabled, skipping PAT initialization too.
[    0.000000] CPU MTRRs all blank - virtualized system.
[    0.000000] x86/PAT: Configuration [0-7]: WB  WT  UC- UC  WB  WT  UC- UC  
[    0.000000] found SMP MP-table at [mem 0x0009fff0-0x0009ffff]
[    0.000000] Scanning 1 areas for low memory corruption
[    0.000000] RAMDISK: [mem 0x1db01000-0x1ee12fff]
[    0.000000] ACPI: Early table checksum verification disabled
[    0.000000] ACPI: RSDP 0x00000000000E0000 000024 (v02 VBOX  )
[    0.000000] ACPI: XSDT 0x000000001FFF0030 00003C (v01 VBOX   VBOXXSDT 00000001 ASL  00000061)
[    0.000000] ACPI: FACP 0x000000001FFF00F0 0000F4 (v04 VBOX   VBOXFACP 00000001 ASL  00000061)
[    0.000000] ACPI: DSDT 0x000000001FFF0610 002353 (v02 VBOX   VBOXBIOS 00000002 INTL 20100528)
[    0.000000] ACPI: FACS 0x000000001FFF0200 000040
[    0.000000] ACPI: FACS 0x000000001FFF0200 000040
[    0.000000] ACPI: APIC 0x000000001FFF0240 00005C (v02 VBOX   VBOXAPIC 00000001 ASL  00000061)
[    0.000000] ACPI: SSDT 0x000000001FFF02A0 00036C (v01 VBOX   VBOXCPUT 00000002 INTL 20100528)
[    0.000000] ACPI: Reserving FACP table memory at [mem 0x1fff00f0-0x1fff01e3]
[    0.000000] ACPI: Reserving DSDT table memory at [mem 0x1fff0610-0x1fff2962]
[    0.000000] ACPI: Reserving FACS table memory at [mem 0x1fff0200-0x1fff023f]
[    0.000000] ACPI: Reserving FACS table memory at [mem 0x1fff0200-0x1fff023f]
[    0.000000] ACPI: Reserving APIC table memory at [mem 0x1fff0240-0x1fff029b]
[    0.000000] ACPI: Reserving SSDT table memory at [mem 0x1fff02a0-0x1fff060b]
[    0.000000] No NUMA configuration found
[    0.000000] Faking a node at [mem 0x0000000000000000-0x000000001ffeffff]
[    0.000000] NODE_DATA(0) allocated [mem 0x1ffc5000-0x1ffeffff]
[    0.000000] kvm-clock: cpu 0, msr 0:1ff44001, primary cpu clock
[    0.000000] kvm-clock: Using msrs 4b564d01 and 4b564d00
[    0.000000] kvm-clock: using sched offset of 4225844977 cycles
[    0.000000] clocksource: kvm-clock: mask: 0xffffffffffffffff max_cycles: 0x1cd42e4dffb, max_idle_ns: 881590591483 ns
[    0.000000] Zone ranges:
[    0.000000]   DMA      [mem 0x0000000000001000-0x0000000000ffffff]
[    0.000000]   DMA32    [mem 0x0000000001000000-0x000000001ffeffff]
[    0.000000]   Normal   empty
[    0.000000]   Device   empty
[    0.000000] Movable zone start for each node
[    0.000000] Early memory node ranges
[    0.000000]   node   0: [mem 0x0000000000001000-0x000000000009efff]
[    0.000000]   node   0: [mem 0x0000000000100000-0x000000001ffeffff]
[    0.000000] Reserved but unavailable: 104 pages
[    0.000000] Initmem setup node 0 [mem 0x0000000000001000-0x000000001ffeffff]
[    0.000000] ACPI: PM-Timer IO Port: 0x4008
[    0.000000] IOAPIC[0]: apic_id 2, version 32, address 0xfec00000, GSI 0-23
[    0.000000] ACPI: INT_SRC_OVR (bus 0 bus_irq 0 global_irq 2 dfl dfl)
[    0.000000] ACPI: INT_SRC_OVR (bus 0 bus_irq 9 global_irq 9 low level)
[    0.000000] Using ACPI (MADT) for SMP configuration information
[    0.000000] smpboot: Allowing 2 CPUs, 0 hotplug CPUs
[    0.000000] PM: Registered nosave memory: [mem 0x00000000-0x00000fff]
[    0.000000] PM: Registered nosave memory: [mem 0x0009f000-0x0009ffff]
[    0.000000] PM: Registered nosave memory: [mem 0x000a0000-0x000effff]
[    0.000000] PM: Registered nosave memory: [mem 0x000f0000-0x000fffff]
[    0.000000] e820: [mem 0x20000000-0xfebfffff] available for PCI devices
[    0.000000] Booting paravirtualized kernel on KVM
[    0.000000] clocksource: refined-jiffies: mask: 0xffffffff max_cycles: 0xffffffff, max_idle_ns: 7645519600211568 ns
[    0.000000] setup_percpu: NR_CPUS:8192 nr_cpumask_bits:2 nr_cpu_ids:2 nr_node_ids:1
[    0.000000] percpu: Embedded 50 pages/cpu s167936 r8192 d28672 u1048576
[    0.000000] PV qspinlock hash table entries: 256 (order: 0, 4096 bytes)
[    0.000000] Built 1 zonelists, mobility grouping on.  Total pages: 128889
[    0.000000] Policy zone: DMA32
[    0.000000] Kernel command line: BOOT_IMAGE=/boot/vmlinuz-4.15.0-212-generic root=LABEL=cloudimg-rootfs ro console=tty1 console=ttyS0
[    0.000000] Memory: 466548K/523832K available (12300K kernel code, 2477K rwdata, 4324K rodata, 2480K init, 2720K bss, 57284K reserved, 0K cma-reserved)
[    0.000000] SLUB: HWalign=64, Order=0-3, MinObjects=0, CPUs=2, Nodes=1
[    0.000000] Kernel/User page tables isolation: enabled
[    0.000000] ftrace: allocating 39508 entries in 155 pages
[    0.004000] Hierarchical RCU implementation.
[    0.004000] 	RCU restricting CPUs from NR_CPUS=8192 to nr_cpu_ids=2.
[    0.004000] 	Tasks RCU enabled.
[    0.004000] RCU: Adjusting geometry for rcu_fanout_leaf=16, nr_cpu_ids=2
[    0.004000] NR_IRQS: 524544, nr_irqs: 440, preallocated irqs: 16
[    0.004000] random: crng init done
[    0.004000] Console: colour VGA+ 80x25
[    0.004000] console [tty1] enabled
[    0.004000] console [ttyS0] enabled
[    0.004000] ACPI: Core revision 20170831
[    0.004000] ACPI: 2 ACPI AML tables successfully acquired and loaded
[    0.004000] APIC: Switch to symmetric I/O mode setup
[    0.004000] ..TIMER: vector=0x30 apic1=0 pin1=2 apic2=-1 pin2=-1
[    0.004018] tsc: Detected 2693.760 MHz processor
[    0.008012] Calibrating delay loop (skipped) preset value.. 5387.52 BogoMIPS (lpj=10775040)
[    0.012004] pid_max: default: 32768 minimum: 301
[    0.016068] Security Framework initialized
[    0.020019] Yama: becoming mindful.
[    0.024076] AppArmor: AppArmor initialized
[    0.032015] Dentry cache hash table entries: 65536 (order: 7, 524288 bytes)
[    0.036045] Inode-cache hash table entries: 32768 (order: 6, 262144 bytes)
[    0.040021] Mount-cache hash table entries: 1024 (order: 1, 8192 bytes)
[    0.044009] Mountpoint-cache hash table entries: 1024 (order: 1, 8192 bytes)
[    0.050186] Last level iTLB entries: 4KB 1024, 2MB 1024, 4MB 1024
[    0.052003] Last level dTLB entries: 4KB 1024, 2MB 1024, 4MB 1024, 1GB 4
[    0.056004] Spectre V1 : Mitigation: usercopy/swapgs barriers and __user pointer sanitization
[    0.060003] Spectre V2 : Mitigation: Retpolines
[    0.064002] Spectre V2 : Spectre v2 / SpectreRSB mitigation: Filling RSB on context switch
[    0.068002] Spectre V2 : Spectre v2 / SpectreRSB : Filling RSB on VMEXIT
[    0.072003] Speculative Store Bypass: Vulnerable
[    0.076050] MDS: Mitigation: Clear CPU buffers
[    0.080002] MMIO Stale Data: Unknown: No mitigations
[    0.084004] SRBDS: Unknown: Dependent on hypervisor status
[    0.088152] Freeing SMP alternatives memory: 36K
[    0.206506] smpboot: CPU0: Intel(R) Core(TM) i7-4800MQ CPU @ 2.70GHz (family: 0x6, model: 0x3c, stepping: 0x3)
[    0.208092] Performance Events: unsupported p6 CPU model 60 no PMU driver, software events only.
[    0.212083] Hierarchical SRCU implementation.
[    0.216555] NMI watchdog: Perf event create on CPU 0 failed with -2
[    0.220004] NMI watchdog: Perf NMI watchdog permanently disabled
[    0.224056] smp: Bringing up secondary CPUs ...
[    0.228090] x86: Booting SMP configuration:
[    0.232092] .... node  #0, CPUs:      #1
[    0.004000] kvm-clock: cpu 1, msr 0:1ff44041, secondary cpu clock
[    0.248000] TSC synchronization [CPU#0 -> CPU#1]:
[    0.248000] Measured 61382 cycles TSC warp between CPUs, turning off TSC clock.
[    0.248000] tsc: Marking TSC unstable due to check_tsc_sync_source failed
[    0.252334] smp: Brought up 1 node, 2 CPUs
[    0.256006] smpboot: Max logical packages: 1
[    0.260004] smpboot: Total of 2 processors activated (10775.04 BogoMIPS)
[    0.264295] devtmpfs: initialized
[    0.268059] x86/mm: Memory block size: 128MB
[    0.272115] evm: security.selinux
[    0.276003] evm: security.SMACK64
[    0.280002] evm: security.SMACK64EXEC
[    0.284003] evm: security.SMACK64TRANSMUTE
[    0.288003] evm: security.SMACK64MMAP
[    0.292002] evm: security.apparmor
[    0.296003] evm: security.ima
[    0.300003] evm: security.capability
[    0.304458] clocksource: jiffies: mask: 0xffffffff max_cycles: 0xffffffff, max_idle_ns: 7645041785100000 ns
[    0.308130] futex hash table entries: 512 (order: 3, 32768 bytes)
[    0.312048] pinctrl core: initialized pinctrl subsystem
[    0.316460] RTC time: 23:32:30, date: 08/11/24
[    0.321047] NET: Registered protocol family 16
[    0.324072] audit: initializing netlink subsys (disabled)
[    0.328147] audit: type=2000 audit(1723419154.997:1): state=initialized audit_enabled=0 res=1
[    0.344008] cpuidle: using governor ladder
[    0.348008] cpuidle: using governor menu
[    0.352038] ACPI: bus type PCI registered
[    0.356004] acpiphp: ACPI Hot Plug PCI Controller Driver version: 0.5
[    0.360366] PCI: Using configuration type 1 for base access
[    0.368173] HugeTLB registered 2.00 MiB page size, pre-allocated 0 pages
[    0.376316] ACPI: Added _OSI(Module Device)
[    0.380004] ACPI: Added _OSI(Processor Device)
[    0.384006] ACPI: Added _OSI(3.0 _SCP Extensions)
[    0.388005] ACPI: Added _OSI(Processor Aggregator Device)
[    0.392005] ACPI: Added _OSI(Linux-Dell-Video)
[    0.396004] ACPI: Added _OSI(Linux-Lenovo-NV-HDMI-Audio)
[    0.400004] ACPI: Added _OSI(Linux-HPI-Hybrid-Graphics)
[    0.408982] ACPI: Executed 1 blocks of module-level executable AML code
[    0.417764] ACPI: Interpreter enabled
[    0.420015] ACPI: (supports S0 S5)
[    0.424004] ACPI: Using IOAPIC for interrupt routing
[    0.428564] PCI: Using host bridge windows from ACPI; if necessary, use "pci=nocrs" and report a bug
[    0.432303] ACPI: Enabled 2 GPEs in block 00 to 07
[    0.451148] ACPI: PCI Root Bridge [PCI0] (domain 0000 [bus 00-ff])
[    0.452042] acpi PNP0A03:00: _OSC: OS supports [ASPM ClockPM Segments MSI]
[    0.457018] acpi PNP0A03:00: _OSC: not requesting OS control; OS requires [ExtendedConfig ASPM ClockPM MSI]
[    0.460020] acpi PNP0A03:00: fail to add MMCONFIG information, can't access extended PCI configuration space under this bridge.
[    0.468808] PCI host bridge to bus 0000:00
[    0.472005] pci_bus 0000:00: root bus resource [io  0x0000-0x0cf7 window]
[    0.476004] pci_bus 0000:00: root bus resource [io  0x0d00-0xffff window]
[    0.480004] pci_bus 0000:00: root bus resource [mem 0x000a0000-0x000bffff window]
[    0.484004] pci_bus 0000:00: root bus resource [mem 0x20000000-0xfdffffff window]
[    0.488004] pci_bus 0000:00: root bus resource [bus 00-ff]
[    0.502330] pci 0000:00:01.1: legacy IDE quirk: reg 0x10: [io  0x01f0-0x01f7]
[    0.504005] pci 0000:00:01.1: legacy IDE quirk: reg 0x14: [io  0x03f6]
[    0.508004] pci 0000:00:01.1: legacy IDE quirk: reg 0x18: [io  0x0170-0x0177]
[    0.512004] pci 0000:00:01.1: legacy IDE quirk: reg 0x1c: [io  0x0376]
[    0.544464] pci 0000:00:07.0: quirk: [io  0x4000-0x403f] claimed by PIIX4 ACPI
[    0.548048] pci 0000:00:07.0: quirk: [io  0x4100-0x410f] claimed by PIIX4 SMB
[    0.569467] ACPI: PCI Interrupt Link [LNKA] (IRQs 5 9 10 *11)
[    0.572697] ACPI: PCI Interrupt Link [LNKB] (IRQs 5 9 *10 11)
[    0.576261] ACPI: PCI Interrupt Link [LNKC] (IRQs 5 *9 10 11)
[    0.580344] ACPI: PCI Interrupt Link [LNKD] (IRQs 5 9 10 *11)
[    0.584976] SCSI subsystem initialized
[    0.588302] pci 0000:00:02.0: vgaarb: setting as boot VGA device
[    0.592000] pci 0000:00:02.0: vgaarb: VGA device added: decodes=io+mem,owns=io+mem,locks=none
[    0.592008] pci 0000:00:02.0: vgaarb: bridge control possible
[    0.596005] vgaarb: loaded
[    0.600031] ACPI: bus type USB registered
[    0.604049] usbcore: registered new interface driver usbfs
[    0.608024] usbcore: registered new interface driver hub
[    0.612015] usbcore: registered new device driver usb
[    0.616281] EDAC MC: Ver: 3.0.0
[    0.624685] PCI: Using ACPI for IRQ routing
[    0.629045] NetLabel: Initializing
[    0.632003] NetLabel:  domain hash size = 128
[    0.636002] NetLabel:  protocols = UNLABELED CIPSOv4 CALIPSO
[    0.640091] NetLabel:  unlabeled traffic allowed by default
[    0.644249] clocksource: Switched to clocksource kvm-clock
[    0.671189] VFS: Disk quotas dquot_6.6.0
[    0.671189] VFS: Dquot-cache hash table entries: 512 (order 0, 4096 bytes)
[    0.671189] AppArmor: AppArmor Filesystem Enabled
[    0.671189] pnp: PnP ACPI init
[    0.671189] pnp: PnP ACPI: found 3 devices
[    0.782623] clocksource: acpi_pm: mask: 0xffffff max_cycles: 0xffffff, max_idle_ns: 2085701024 ns
[    0.784781] NET: Registered protocol family 2
[    0.784781] IP idents hash table entries: 8192 (order: 4, 65536 bytes)
[    0.805272] TCP established hash table entries: 4096 (order: 3, 32768 bytes)
[    0.813453] TCP bind hash table entries: 4096 (order: 4, 65536 bytes)
[    0.820590] TCP: Hash tables configured (established 4096 bind 4096)
[    0.824265] UDP hash table entries: 256 (order: 1, 8192 bytes)
[    0.824265] UDP-Lite hash table entries: 256 (order: 1, 8192 bytes)
[    0.824265] NET: Registered protocol family 1
[    0.824265] pci 0000:00:00.0: Limiting direct PCI/PCI transfers
[    0.824265] pci 0000:00:01.0: Activating ISA DMA hang workarounds
[    0.824265] pci 0000:00:02.0: Video device with shadowed ROM at [mem 0x000c0000-0x000dffff]
[    0.824265] Unpacking initramfs...
[    1.441536] Freeing initrd memory: 19528K
[    1.444003] clocksource: tsc: mask: 0xffffffffffffffff max_cycles: 0x26d437ab68b, max_idle_ns: 440795285230 ns
[    1.460876] platform rtc_cmos: registered platform RTC device (no PNP device found)
[    1.471718] Scanning for low memory corruption every 60 seconds
[    1.482251] Initialise system trusted keyrings
[    1.488613] Key type blacklist registered
[    1.495334] workingset: timestamp_bits=36 max_order=17 bucket_order=0
[    1.506967] zbud: loaded
[    1.512031] squashfs: version 4.0 (2009/01/31) Phillip Lougher
[    1.521428] fuse init (API version 7.26)
[    1.548646] Key type asymmetric registered
[    1.554137] Asymmetric key parser 'x509' registered
[    1.560882] Block layer SCSI generic (bsg) driver version 0.4 loaded (major 246)
[    1.571378] io scheduler noop registered
[    1.576667] io scheduler deadline registered
[    1.582777] io scheduler cfq registered (default)
[    1.590070] ACPI: AC Adapter [AC] (on-line)
[    1.595865] input: Power Button as /devices/LNXSYSTM:00/LNXPWRBN:00/input/input0
[    1.605995] ACPI: Power Button [PWRF]
[    1.611204] input: Sleep Button as /devices/LNXSYSTM:00/LNXSLPBN:00/input/input1
[    1.620919] ACPI: Sleep Button [SLPF]
[    1.626962] Serial: 8250/16550 driver, 32 ports, IRQ sharing enabled
[    1.663211] 00:02: ttyS0 at I/O 0x3f8 (irq = 4, base_baud = 115200) is a 16550A
[    1.674833] Linux agpgart interface v0.103
[    1.684069] loop: module loaded
[    1.690748] scsi host0: ata_piix
[    1.697027] scsi host1: ata_piix
[    1.701597] ata1: PATA max UDMA/33 cmd 0x1f0 ctl 0x3f6 bmdma 0xd000 irq 14
[    1.705525] ata2: PATA max UDMA/33 cmd 0x170 ctl 0x376 bmdma 0xd008 irq 15
[    1.720234] tun: Universal TUN/TAP device driver, 1.6
[    1.727332] PPP generic driver version 2.4.2
[    1.733218] ehci_hcd: USB 2.0 'Enhanced' Host Controller (EHCI) Driver
[    1.737127] ehci-pci: EHCI PCI platform driver
[    1.737127] ehci-platform: EHCI generic platform driver
[    1.737127] ohci_hcd: USB 1.1 'Open' Host Controller (OHCI) Driver
[    1.737127] ohci-pci: OHCI PCI platform driver
[    1.737127] ohci-platform: OHCI generic platform driver
[    1.737127] uhci_hcd: USB Universal Host Controller Interface driver
[    1.737127] i8042: PNP: PS/2 Controller [PNP0303:PS2K,PNP0f03:PS2M] at 0x60,0x64 irq 1,12
[    1.737127] serio: i8042 KBD port at 0x60,0x64 irq 1
[    1.737127] serio: i8042 AUX port at 0x60,0x64 irq 12
[    1.737127] mousedev: PS/2 mouse device common for all mice
[    1.819785] rtc_cmos rtc_cmos: rtc core: registered rtc_cmos as rtc0
[    1.829971] rtc_cmos rtc_cmos: alarms up to one day, 114 bytes nvram
[    1.838928] input: AT Translated Set 2 keyboard as /devices/platform/i8042/serio0/input/input2
[    1.839076] i2c /dev entries driver
[    1.855061] device-mapper: uevent: version 1.0.3
[    1.862613] device-mapper: ioctl: 4.37.0-ioctl (2017-09-20) initialised: dm-devel@redhat.com
[    1.874228] ledtrig-cpu: registered to indicate activity on CPUs
[    1.884563] NET: Registered protocol family 10
[    1.959642] Segment Routing with IPv6
[    1.964204] NET: Registered protocol family 17
[    1.969676] Key type dns_resolver registered
[    1.975061] mce: Using 0 MCE banks
[    1.979010] RAS: Correctable Errors collector initialized.
[    1.985333] sched_clock: Marking stable (1985078501, 0)->(3231107136, -1246028635)
[    1.997636] registered taskstats version 1
[    2.002527] Loading compiled-in X.509 certificates
[    2.013979] Loaded X.509 cert 'Build time autogenerated kernel key: b5b26778eaa3ab3a4a6cee031137706e947d12ad'
[    2.027852] Loaded X.509 cert 'Canonical Ltd. Live Patch Signing: 14df34d1a87cf37625abec039ef2bf521249b969'
[    2.041258] Loaded X.509 cert 'Canonical Ltd. Kernel Module Signing: 88f752e560a1e0737e31163a466ad7b70a850c19'
[    2.054472] blacklist: Loading compiled-in revocation X.509 certificates
[    2.063525] Loaded X.509 cert 'Canonical Ltd. Secure Boot Signing: 61482aa2830d0ab2ad5af10b7250da9033ddcef0'
[    2.076723] Loaded X.509 cert 'Canonical Ltd. Secure Boot Signing (2017): 242ade75ac4a15e50d50c84b0d45ff3eae707a03'
[    2.092833] Loaded X.509 cert 'Canonical Ltd. Secure Boot Signing (ESM 2018): 365188c1d374d6b07c3c8f240f8ef722433d6a8b'
[    2.107887] Loaded X.509 cert 'Canonical Ltd. Secure Boot Signing (2019): c0746fd6c5da3ae827864651ad66ae47fe24b3e8'
[    2.122079] Loaded X.509 cert 'Canonical Ltd. Secure Boot Signing (2021 v1): a8d54bbb3825cfb94fa13c9f8a594a195c107b8d'
[    2.136378] Loaded X.509 cert 'Canonical Ltd. Secure Boot Signing (2021 v2): 4cf046892d6fd3c9a5b03f98d845f90851dc6a8c'
[    2.149987] Loaded X.509 cert 'Canonical Ltd. Secure Boot Signing (2021 v3): 100437bb6de6e469b581e61cd66bce3ef4ed53af'
[    2.163973] Loaded X.509 cert 'Canonical Ltd. Secure Boot Signing (Ubuntu Core 2019): c1d57b8f6b743f23ee41f4f7ee292f06eecadfb9'
[    2.179010] zswap: loaded using pool lzo/zbud
[    2.198476] Key type big_key registered
[    2.204537] Key type trusted registered
[    2.215056] Key type encrypted registered
[    2.220475] AppArmor: AppArmor sha1 policy hashing enabled
[    2.227676] ima: No TPM chip found, activating TPM-bypass! (rc=-19)
[    2.235850] ima: Allocated hash algorithm: sha1
[    2.242417] evm: HMAC attrs: 0x1
[    2.247874]   Magic number: 4:757:554
[    2.253398] rtc_cmos rtc_cmos: setting system clock to 2024-08-11 23:32:32 UTC (1723419152)
[    2.264977] BIOS EDD facility v0.16 2004-Jun-25, 0 devices found
[    2.272745] EDD information not available.
[    2.281702] Freeing unused kernel image memory: 2480K
[    2.583643] Write protecting the kernel read-only data: 20480k
[    2.593316] Freeing unused kernel image memory: 2008K
[    2.600715] Freeing unused kernel image memory: 1820K
[    2.614293] x86/mm: Checked W+X mappings: passed, no W+X pages found.
[    2.623349] x86/mm: Checking user space page tables
[    2.635493] x86/mm: Checked W+X mappings: passed, no W+X pages found.
Loading, please wait...
starting version 237
[    2.771737] Fusion MPT base driver 3.04.20
[    2.776937] Copyright (c) 1999-2008 LSI Corporation
[    2.818084] e1000: Intel(R) PRO/1000 Network Driver - version 7.3.21-k8-NAPI
[    2.829220] e1000: Copyright (c) 1999-2006 Intel Corporation.
[    2.854651] Fusion MPT SPI Host driver 3.04.20
[    2.954519] SSE version of gcm_enc/dec engaged.
[    3.069713] input: ImExPS/2 Generic Explorer Mouse as /devices/platform/i8042/serio1/input/input4
[    3.841143] e1000 0000:00:03.0 eth0: (PCI:33MHz:32-bit) 02:3b:7b:b7:3b:2d
[    3.849668] e1000 0000:00:03.0 eth0: Intel(R) PRO/1000 Network Connection
[    4.704659] e1000 0000:00:08.0 eth1: (PCI:33MHz:32-bit) 08:00:27:92:ce:32
[    4.713437] e1000 0000:00:08.0 eth1: Intel(R) PRO/1000 Network Connection
[    4.726962] e1000 0000:00:03.0 enp0s3: renamed from eth0
[    4.735553] mptbase: ioc0: Initiating bringup
[    4.753602] e1000 0000:00:08.0 enp0s8: renamed from eth1
[    5.398454] ioc0: LSI53C1030 A0: Capabilities={Initiator}
[    5.940305] scsi host2: ioc0: LSI53C1030 A0, FwRev=00000000h, Ports=1, MaxQ=256, IRQ=20
[    6.602343] scsi 2:0:0:0: Direct-Access     VBOX     HARDDISK         1.0  PQ: 0 ANSI: 5
[    6.644293] scsi target2:0:0: Beginning Domain Validation
[    6.662370] scsi target2:0:0: Domain Validation skipping write tests
[    6.671394] scsi target2:0:0: Ending Domain Validation
[    6.679259] scsi target2:0:0: asynchronous
[    6.689202] scsi 2:0:1:0: Direct-Access     VBOX     HARDDISK         1.0  PQ: 0 ANSI: 5
[    6.732471] scsi target2:0:1: Beginning Domain Validation
[    6.751047] scsi target2:0:1: Domain Validation skipping write tests
[    6.759886] scsi target2:0:1: Ending Domain Validation
[    6.768501] scsi target2:0:1: asynchronous
[    6.791911] sd 2:0:0:0: Attached scsi generic sg0 type 0
[    6.800761] sd 2:0:1:0: Attached scsi generic sg1 type 0
[    6.802760] sd 2:0:1:0: [sdb] 20480 512-byte logical blocks: (10.5 MB/10.0 MiB)
[    6.820201] sd 2:0:1:0: [sdb] Write Protect is off
[    6.820368] sd 2:0:0:0: [sda] 83886080 512-byte logical blocks: (42.9 GB/40.0 GiB)
[    6.839478] sd 2:0:0:0: [sda] Write Protect is off
[    6.840102] sd 2:0:1:0: [sdb] Incomplete mode parameter data
[    6.855040] sd 2:0:1:0: [sdb] Assuming drive cache: write through
[    6.863091] sd 2:0:0:0: [sda] Incomplete mode parameter data
[    6.869719] sd 2:0:0:0: [sda] Assuming drive cache: write through
[    6.884891]  sda: sda1
[    6.893107] sd 2:0:0:0: [sda] Attached SCSI disk
[    6.898789] sd 2:0:1:0: [sdb] Attached SCSI disk
Begin: Loading essential drivers ... [    9.452172] raid6: sse2x1   gen()  9386 MB/s
[    9.504763] raid6: sse2x1   xor()  6378 MB/s
[    9.560415] raid6: sse2x2   gen() 10489 MB/s
[    9.612501] raid6: sse2x2   xor()  7015 MB/s
[    9.664143] raid6: sse2x4   gen() 13067 MB/s
[    9.716940] raid6: sse2x4   xor()  8072 MB/s
[    9.723258] raid6: using algorithm sse2x4 gen() 13067 MB/s
[    9.731759] raid6: .... xor() 8072 MB/s, rmw enabled
[    9.738352] raid6: using ssse3x2 recovery algorithm
[    9.747513] xor: measuring software checksum speed
[   14.614989]    prefetch64-sse: 433905.704 MB/sec
[   14.722410]    generic_sse: 46086.000 MB/sec
[   14.728645] xor: using function: prefetch64-sse (433905.704 MB/sec)
[   14.740448] async_tx: api initialized (async)
done.
Begin: Running /scripts/init-premount ... done.
Begin: Mounting root file system ... Begin: Running /scripts/local-top ... done.
Begin: Running /scripts/local-premount ... [   14.817037] Btrfs loaded, crc32c=crc32c-intel
Scanning for Btrfs filesystems
done.
Warning: fsck not present, so skipping root file system
[   14.895208] EXT4-fs (sda1): mounted filesystem with ordered data mode. Opts: (null)
done.
Begin: Running /scripts/local-bottom ... done.
Begin: Running /scripts/init-bottom ... done.
[   15.283970] ip_tables: (C) 2000-2006 Netfilter Core Team
[   15.333701] systemd[1]: systemd 237 running in system mode. (+PAM +AUDIT +SELINUX +IMA +APPARMOR +SMACK +SYSVINIT +UTMP +LIBCRYPTSETUP +GCRYPT +GNUTLS +ACL +XZ +LZ4 +SECCOMP +BLKID +ELFUTILS +KMOD -IDN2 +IDN -PCRE2 default-hierarchy=hybrid)
[   15.361217] systemd[1]: Detected virtualization oracle.
[   15.368536] systemd[1]: Detected architecture x86-64.

Welcome to [1mUbuntu 18.04.6 LTS[0m!

[   15.414241] systemd[1]: Set hostname to <ubuntu>.
[   15.430953] systemd[1]: Initializing machine ID from random generator.
[   15.440315] systemd[1]: Installed transient /etc/machine-id file.
[   15.988677] systemd[1]: Reached target System Time Synchronized.
[[0;32m  OK  [0m] Reached target System Time Synchronized.
[   16.014239] systemd[1]: Created slice System Slice.
[[0;32m  OK  [0m] Created slice System Slice.
[   16.025890] systemd[1]: Listening on udev Control Socket.
[[0;32m  OK  [0m] Listening on udev Control Socket.
[   16.038890] systemd[1]: Listening on Network Service Netlink Socket.
[[0;32m  OK  [0m] Listening on Network Service Netlink Socket.
[[0;32m  OK  [0m] Listening on Journal Socket.
         Mounting Kernel Debug File System...
[[0;32m  OK  [0m] Listening on LVM2 metadata daemon socket.
[[0;32m  OK  [0m] Created slice system-serial\x2dgetty.slice.
         Starting Load Kernel Modules...
[[0;32m  OK  [0m] Reached target Mounting snaps.
[[0;32m  OK  [0m] Reached target Mounted snaps.
[[0;32m  OK  [0m] Listening on LVM2 poll daemon socket.
[   16.095084] Loading iSCSI transport class v2.0-870.
         Mounting POSIX Message Queue File System...
[[0;32m  OK  [0m] Set up automount Arbitrary Executab…rmats File System Automount Point.
[[0;32m  OK  [0m] Listening on Journal Socket (/dev/log).[   16.121658] iscsi: registered transport (tcp)

         Mounting Huge Pages File System...
         Starting Create list of required st…ce nodes for the current kernel...
[[0;32m  OK  [0m] Listening on Device-mapper event daemon FIFOs.
[[0;32m  OK  [0m] Listening on Journal Audit Socket.
         Starting Uncomplicated firewall...
         Starting Monitoring of LVM2 mirrors…ng dmeventd or progress polling...
[[0;32m  OK  [0m] Reached target Swap.
[[0;32m  OK  [0m] Listening on /dev/initctl Compatibility Named Pipe.
         Starting Set the console keyboard layout...
[[0;32m  OK  [0m] Listening on Syslog Socket.
         Starting Journal Service...
[[0;32m  OK  [0m] Listening on udev Kernel Socket.[   16.307176] iscsi: registered transport (iser)

         Starting udev Coldplug all Devices...
[[0;32m  OK  [0m] Reached target User and Group Name Lookups.
[[0;32m  OK  [0m] Started Forward Password Requests to Wall Directory Watch.
[[0;32m  OK  [0m] Listening on fsck to fsckd communication Socket.
         Starting File System Check on Root Device...
[[0;32m  OK  [0m] Created slice User and Session Slice.
[[0;32m  OK  [0m] Reached target Slices.
[[0;32m  OK  [0m] Mounted Kernel Debug File System.
[[0;32m  OK  [0m] Started Load Kernel Modules.
[[0;32m  OK  [0m] Started Journal Service.
[[0;32m  OK  [0m] Mounted POSIX Message Queue File System.
[[0;32m  OK  [0m] Mounted Huge Pages File System.
[[0;32m  OK  [0m] Started Create list of required sta…vice nodes for the current kernel.
[[0;32m  OK  [0m] Started Uncomplicated firewall.
[[0;32m  OK  [0m] Started File System Check Daemon to report status.
[[0;32m  OK  [0m] Started LVM2 metadata daemon.
         Starting Create Static Device Nodes in /dev...
         Starting Apply Kernel Variables...
         Mounting FUSE Control File System...
         Mounting Kernel Configuration File System...
[[0;32m  OK  [0m] Mounted FUSE Control File System.
[[0;32m  OK  [0m] Mounted Kernel Configuration File System.
[[0;32m  OK  [0m] Started udev Coldplug all Devices.
[[0;32m  OK  [0m] Started Create Static Device Nodes in /dev.
[[0;32m  OK  [0m] Started Monitoring of LVM2 mirrors,…sing dmeventd or progress polling.
[[0;32m  OK  [0m] Started File System Check on Root Device.
         Starting Remount Root and Kernel File Systems...
[[0;32m  OK  [0m] Started Apply Kernel Variables.
[[0;32m  OK  [0m] Started Remount Root and Kernel File Systems.
         Starting udev Kernel Device Manager...
         Starting Flush Journal to Persistent Storage...
         Starting Load/Save Random Seed...
[[0;32m  OK  [0m] Started Load/Save Random Seed.
[[0;32m  OK  [0m] Started udev Kernel Device Manager.
[[0;32m  OK  [0m] Started Flush Journal to Persistent Storage.
[[0;32m  OK  [0m] Found device /dev/ttyS0.
[[0;32m  OK  [0m] Listening on Load/Save RF Kill Switch Status /dev/rfkill Watch.
[[0;32m  OK  [0m] Started Set the console keyboard layout.
         Mounting Arbitrary Executable File Formats File System...
[[0;32m  OK  [0m] Started Dispatch Password Requests to Console Directory Watch.
[[0;32m  OK  [0m] Reached target Local Encrypted Volumes.
[[0;32m  OK  [0m] Reached target Local File Systems (Pre).
[[0;32m  OK  [0m] Reached target Local File Systems.
         Starting Tell Plymouth To Write Out Runtime Data...
         Starting Set console font and keymap...
         Starting AppArmor initialization...
         Starting Commit a transient machine-id on disk...
         Starting ebtables ruleset management...
         Starting Create Volatile Files and Directories...
[[0;32m  OK  [0m] Mounted Arbitrary Executable File Formats File System.
[[0;32m  OK  [0m] Started Tell Plymouth To Write Out Runtime Data.
[[0;32m  OK  [0m] Started Create Volatile Files and Directories.
         Starting Update UTMP about System Boot/Shutdown...
[[0;32m  OK  [0m] Started Update UTMP about System Boot/Shutdown.
[[0;32m  OK  [0m] Started Commit a transient machine-id on disk.
[[0;32m  OK  [0m] Started ebtables ruleset management.
[[0;32m  OK  [0m] Started AppArmor initialization.
         Starting Load AppArmor profiles managed internally by snapd...
         Starting Initial cloud-init job (pre-networking)...
[[0;32m  OK  [0m] Started Load AppArmor profiles managed internally by snapd.
[[0;32m  OK  [0m] Started Set console font and keymap.
[   21.250961] cloud-init[764]: Cloud-init v. 23.1.2-0ubuntu0~18.04.1 running 'init-local' at Sun, 11 Aug 2024 23:32:51 +0000. Up 20.82 seconds.
[[0;32m  OK  [0m] Started Initial cloud-init job (pre-networking).
[[0;32m  OK  [0m] Reached target Network (Pre).
         Starting Network Service...
[[0;32m  OK  [0m] Started Network Service.
         Starting Network Name Resolution...
         Starting Wait for Network to be Configured...
[[0;32m  OK  [0m] Started Network Name Resolution.
[[0;32m  OK  [0m] Reached target Network.
[[0;32m  OK  [0m] Reached target Host and Network Name Lookups.
[[0;32m  OK  [0m] Started Wait for Network to be Configured.
         Starting Initial cloud-init job (metadata service crawler)...
[   23.121928] cloud-init[912]: Cloud-init v. 23.1.2-0ubuntu0~18.04.1 running 'init' at Sun, 11 Aug 2024 23:32:53 +0000. Up 22.96 seconds.
[   23.130026] cloud-init[912]: ci-info: ++++++++++++++++++++++++++++++++++++++Net device info+++++++++++++++++++++++++++++++++++++++
[   23.137552] cloud-init[912]: ci-info: +--------+-------+----------------------------+---------------+--------+-------------------+
[   23.145403] cloud-init[912]: ci-info: | Device |   Up  |          Address           |      Mask     | Scope  |     Hw-Address    |
[   23.153132] cloud-init[912]: ci-info: +--------+-------+----------------------------+---------------+--------+-------------------+
[   23.161460] cloud-init[912]: ci-info: | enp0s3 |  True |         10.0.2.15          | 255.255.255.0 | global | 02:3b:7b:b7:3b:2d |
[   23.169493] cloud-init[912]: ci-info: | enp0s3 |  True | fe80::3b:7bff:feb7:3b2d/64 |       .       |  link  | 02:3b:7b:b7:3b:2d |
[   23.177490] cloud-init[912]: ci-info: | enp0s8 | False |             .              |       .       |   .    | 08:00:27:92:ce:32 |
[   23.186202] cloud-init[912]: ci-info: |   lo   |  True |         127.0.0.1          |   255.0.0.0   |  host  |         .         |
[   23.190737] cloud-init[912]: ci-info: |   lo   |  True |          ::1/128           |       .       |  host  |         .         |
[   23.195342] cloud-init[912]: ci-info: +--------+-------+----------------------------+---------------+--------+-------------------+
[   23.199720] cloud-init[912]: ci-info: ++++++++++++++++++++++++++++Route IPv4 info+++++++++++++++++++++++++++++
[   23.203594] cloud-init[912]: ci-info: +-------+-------------+----------+-----------------+-----------+-------+
[   23.207745] cloud-init[912]: ci-info: | Route | Destination | Gateway  |     Genmask     | Interface | Flags |
[   23.211957] cloud-init[912]: ci-info: +-------+-------------+----------+-----------------+-----------+-------+
[   23.216689] cloud-init[912]: ci-info: |   0   |   0.0.0.0   | 10.0.2.2 |     0.0.0.0     |   enp0s3  |   UG  |
[   23.220664] cloud-init[912]: ci-info: |   1   |   10.0.2.0  | 0.0.0.0  |  255.255.255.0  |   enp0s3  |   U   |
[   23.224530] cloud-init[912]: ci-info: |   2   |   10.0.2.2  | 0.0.0.0  | 255.255.255.255 |   enp0s3  |   UH  |
[   23.228563] cloud-init[912]: ci-info: +-------+-------------+----------+-----------------+-----------+-------+
[   23.232390] cloud-init[912]: ci-info: +++++++++++++++++++Route IPv6 info+++++++++++++++++++
[   23.235549] cloud-init[912]: ci-info: +-------+-------------+---------+-----------+-------+
[   23.239281] cloud-init[912]: ci-info: | Route | Destination | Gateway | Interface | Flags |
[   23.243303] cloud-init[912]: ci-info: +-------+-------------+---------+-----------+-------+
[   23.247276] cloud-init[912]: ci-info: |   1   |  fe80::/64  |    ::   |   enp0s3  |   U   |
[   23.251510] cloud-init[912]: ci-info: |   3   |    local    |    ::   |   enp0s3  |   U   |
[   23.254702] cloud-init[912]: ci-info: |   4   |   ff00::/8  |    ::   |   enp0s3  |   U   |
[   23.257917] cloud-init[912]: ci-info: +-------+-------------+---------+-----------+-------+
[   25.066693] cloud-init[912]: Generating public/private rsa key pair.
[   25.071112] cloud-init[912]: Your identification has been saved in /etc/ssh/ssh_host_rsa_key.
[   25.077254] cloud-init[912]: Your public key has been saved in /etc/ssh/ssh_host_rsa_key.pub.
[   25.082770] cloud-init[912]: The key fingerprint is:
[   25.085476] cloud-init[912]: SHA256:V1H4VdjY0O2hyNbJa7142f8mRwxDsmCxhJrpdqx7eNw root@ubuntu-bionic
[   25.091049] cloud-init[912]: The key's randomart image is:
[   25.094050] cloud-init[912]: +---[RSA 2048]----+
[   25.096851] cloud-init[912]: |         .o..ooB+|
[   25.099096] cloud-init[912]: |        ..o.o.+.*|
[   25.101626] cloud-init[912]: |       + .o.==oo.|
[   25.103785] cloud-init[912]: |      +    =.=+ .|
[   25.106707] cloud-init[912]: |     . .S o   o+ |
[   25.110312] cloud-init[912]: |      o o.   o .o|
[   25.112710] cloud-init[912]: |     . = .  . ..+|
[   25.114947] cloud-init[912]: |      o + E  ..++|
[   25.117267] cloud-init[912]: |      .+      .+=|
[   25.119507] cloud-init[912]: +----[SHA256]-----+
[   25.122123] cloud-init[912]: Generating public/private dsa key pair.
[   25.125919] cloud-init[912]: Your identification has been saved in /etc/ssh/ssh_host_dsa_key.
[   25.130512] cloud-init[912]: Your public key has been saved in /etc/ssh/ssh_host_dsa_key.pub.
[   25.135415] cloud-init[912]: The key fingerprint is:
[   25.138408] cloud-init[912]: SHA256:wr+g8vCHtCsIWmKDcmBk44PG4hrRKg4jxBiQK4zzpyc root@ubuntu-bionic
[   25.143644] cloud-init[912]: The key's randomart image is:
[   25.146263] cloud-init[912]: +---[DSA 1024]----+
[   25.148907] cloud-init[912]: |o.               |
[   25.151062] cloud-init[912]: |o+               |
[   25.154009] cloud-init[912]: |@+.              |
[   25.156708] cloud-init[912]: |@X.  .           |
[   25.158956] cloud-init[912]: |O*.   o S        |
[   25.161276] cloud-init[912]: |%++ o  o         |
[   25.163372] cloud-init[912]: |@Bo+ o. .        |
[   25.165589] cloud-init[912]: |+.Eo+... .       |
[   25.167755] cloud-init[912]: |   *=o  .        |
[   25.169936] cloud-init[912]: +----[SHA256]-----+
[   25.172635] cloud-init[912]: Generating public/private ecdsa key pair.
[   25.176056] cloud-init[912]: Your identification has been saved in /etc/ssh/ssh_host_ecdsa_key.
[   25.179966] cloud-init[912]: Your public key has been saved in /etc/ssh/ssh_host_ecdsa_key.pub.
[   25.183930] cloud-init[912]: The key fingerprint is:
[   25.186694] cloud-init[912]: SHA256:WGk83haeT9syXiffGZA8cye8T9KF5pskqG6tGKS62og root@ubuntu-bionic
[   25.195045] cloud-init[912]: The key's randomart image is:
[   25.201255] cloud-init[912]: +---[ECDSA 256]---+
[   25.207236] cloud-init[912]: |                 |
[   25.216138] cloud-init[912]: |       . .       |
[   25.222764] cloud-init[912]: |        * .      |
[   25.228689] cloud-init[912]: |       = + o.... |
[   25.234039] [cloud-init[912]: |      o S = .*=.o|
[   25.237146] cloud-init[912]: |     o   . + ==+o|
[   25.237837] cloud-init[912]: |    . .  .. * O.+|
[   25.238458] cloud-init[912]: |.o .   o.... * X+|
[   25.238979] cloud-init[912]: |E.+.  .o+.  . o.+|
[   25.239579] cloud-init[912]: +----[SHA256]-----+
[   25.240710] cloud-init[912]: Generating public/private ed25519 key pair.
[   25.241250] cloud-init[912]: Your identification has been saved in /etc/ssh/ssh_host_ed25519_key.
[   25.241774] cloud-init[912]: Your public key has been saved in /etc/ssh/ssh_host_ed25519_key.pub.
[   25.242301] cloud-init[912]: The key fingerprint is:
[   25.242857] cloud-init[912]: SHA256:u9tAzWsVuoi5gnseqrQ6YTywhtC7LJEJqY7mf5MlfmQ root@ubuntu-bionic
[   25.242907] cloud-init[912]: The key's randomart image is:
[   25.242944] cloud-init[912]: +--[ED25519 256]--+
[   25.242978] cloud-init[912]: |                 |
[   25.243011] cloud-init[912]: |                 |
[   25.243043] cloud-init[912]: | o          .    |
[   25.243112] cloud-init[912]: |= .      o . .   |
[   25.243695] cloud-init[912]: |B+ .    S + .    |
[   25.244846] cloud-init[912]: |O=.  . E o +     |
[   25.245373] cloud-init[912]: |==.oo O + +      |
[   25.245917] cloud-init[912]: |=o=.o* o =       |
[   25.246522] cloud-init[912]: |**+=o.+ o..      |
[   25.247060] cloud-init[912]: +----[SHA256]-----+
[0;32m  OK  [0m] Started Initial cloud-init job (metadata service crawler).
[[0;32m  OK  [0m] Reached target Network is Online.
         Starting Availability of block devices...
[[0;32m  OK  [0m] Reached target Remote File Systems (Pre).
[[0;32m  OK  [0m] Reached target Remote File Systems.
[[0;32m  OK  [0m] Reached target System Initialization.
[[0;32m  OK  [0m] Started ACPI Events Check.
[[0;32m  OK  [0m] Listening on Open-iSCSI iscsid Socket.
         Starting Socket activation for snappy daemon.
[[0;32m  OK  [0m] Listening on UUID daemon activation socket.
         Starting LXD - unix socket.
[[0;32m  OK  [0m] Listening on cloud-init hotplug hook socket.
[[0;32m  OK  [0m] Started Daily Cleanup of Temporary Directories.
[[0;32m  OK  [0m] Listening on ACPID Listen Socket.
[[0;32m  OK  [0m] Reached target Paths.
[[0;32m  OK  [0m] Started Discard unused blocks once a week.
[[0;32m  OK  [0m] Listening on D-Bus System Message Bus Socket.
[[0;32m  OK  [0m] Started Daily apt download activities.
[[0;32m  OK  [0m] Started Daily apt upgrade and clean activities.
[[0;32m  OK  [0m] Started Message of the Day.
[[0;32m  OK  [0m] Started Ubuntu Advantage Timer for running repeated jobs.
[[0;32m  OK  [0m] Reached target Timers.
[[0;32m  OK  [0m] Reached target Cloud-config availability.
[[0;32m  OK  [0m] Started Availability of block devices.
[[0;32m  OK  [0m] Listening on Socket activation for snappy daemon.
[[0;32m  OK  [0m] Listening on LXD - unix socket.
[[0;32m  OK  [0m] Reached target Sockets.
[[0;32m  OK  [0m] Reached target Basic System.
         Starting LSB: automatic crash report generation...
         Starting Login Service...
         Starting Accounts Service...
         Starting Dispatcher daemon for systemd-networkd...
         Starting Pollinate to seed the pseudo random number generator...
         Starting System Logging Service...
[[0;32m  OK  [0m] Started FUSE filesystem for LXC.
[[0;32m  OK  [0m] Reached target Login Prompts (Pre).
         Starting Permit User Sessions...
         Starting LXD - container startup/shutdown...
         Starting LSB: Record successful boot for GRUB...
[[0;32m  OK  [0m] Started D-Bus System Message Bus.
[[0;32m  OK  [0m] Started Deferred execution scheduler.
         Starting Virtualbox guest utils...
         Starting Snap Daemon...
[[0;32m  OK  [0m] Started irqbalance daemon.
[[0;32m  OK  [0m] Started Regular background program processing daemon.
[[0;32m  OK  [0m] Started System Logging Service.
[[0;32m  OK  [0m] Started Permit User Sessions.
[[0;32m  OK  [0m] Started Login Service.
         Starting Authorization Manager...
[[0;32m  OK  [0m] Started Unattended Upgrades Shutdown.
         Starting Hold until boot process finishes up...
         Starting Terminate Plymouth Boot Screen...
[[0;32m  OK  [0m] Started Hold until boot process finishes up.
[[0;32m  OK  [0m] Started Serial Getty on ttyS0.
         Starting Set console scheme...
[[0;32m  OK  [0m] Started LSB: automatic crash report generation.
[[0;32m  OK  [0m] Started Terminate Plymouth Boot Screen.
[[0;32m  OK  [0m] Started Set console scheme.
[[0;32m  OK  [0m] Created slice system-getty.slice.
[[0;32m  OK  [0m] Started Getty on tty1.
[[0;32m  OK  [0m] Reached target Login Prompts.
[[0;32m  OK  [0m] Started Dispatcher daemon for systemd-networkd.
[[0;32m  OK  [0m] Started LSB: Record successful boot for GRUB.
[[0;32m  OK  [0m] Started Authorization Manager.
[[0;32m  OK  [0m] Started Accounts Service.
[[0;32m  OK  [0m] Started Virtualbox guest utils.
[[0;32m  OK  [0m] Started LXD - container startup/shutdown.
[[0;32m  OK  [0m] Started Snap Daemon.
         Starting Wait until snapd is fully seeded...
[[0;32m  OK  [0m] Started Pollinate to seed the pseudo random number generator.
         Starting OpenBSD Secure Shell server...
[[0;32m  OK  [0m] Started OpenBSD Secure Shell server.
[[0;32m  OK  [0m] Created slice User Slice of vagrant.
         Starting User Manager for UID 1000...
[[0;32m  OK  [0m] Started Session 1 of user vagrant.
[[0;32m  OK  [0m] Started User Manager for UID 1000.
         Starting Time & Date Service...
[[0;32m  OK  [0m] Started Time & Date Service.

Ubuntu 18.04.6 LTS ubuntu-bionic ttyS0

ubuntu-bionic login: [   33.534436] cloud-init[1540]: Cloud-init v. 23.1.2-0ubuntu0~18.04.1 running 'modules:config' at Sun, 11 Aug 2024 23:33:03 +0000. Up 32.83 seconds.
ci-info: no authorized SSH keys fingerprints found for user ubuntu.
<14>Aug 11 23:33:04 cloud-init: #############################################################
<14>Aug 11 23:33:04 cloud-init: -----BEGIN SSH HOST KEY FINGERPRINTS-----
<14>Aug 11 23:33:04 cloud-init: 1024 SHA256:wr+g8vCHtCsIWmKDcmBk44PG4hrRKg4jxBiQK4zzpyc root@ubuntu-bionic (DSA)
<14>Aug 11 23:33:04 cloud-init: 256 SHA256:WGk83haeT9syXiffGZA8cye8T9KF5pskqG6tGKS62og root@ubuntu-bionic (ECDSA)
<14>Aug 11 23:33:04 cloud-init: 256 SHA256:u9tAzWsVuoi5gnseqrQ6YTywhtC7LJEJqY7mf5MlfmQ root@ubuntu-bionic (ED25519)
<14>Aug 11 23:33:04 cloud-init: 2048 SHA256:V1H4VdjY0O2hyNbJa7142f8mRwxDsmCxhJrpdqx7eNw root@ubuntu-bionic (RSA)
<14>Aug 11 23:33:04 cloud-init: -----END SSH HOST KEY FINGERPRINTS-----
<14>Aug 11 23:33:04 cloud-init: #############################################################
-----BEGIN SSH HOST KEY KEYS-----
ecdsa-sha2-nistp256 AAAAE2VjZHNhLXNoYTItbmlzdHAyNTYAAAAIbmlzdHAyNTYAAABBBGab1QvXgo1Unpl3iamTwqPMXZrk5OzYggLBfNm0MWJUiiSi+ZPAvaINOpDlnj8Vk/39ioK3eMNkdsnqf6nuikQ= root@ubuntu-bionic
ssh-ed25519 AAAAC3NzaC1lZDI1NTE5AAAAIKUIHEYTn0OO2O7XmXJzo2PsOVEvTCUf/fRG20fpz3HZ root@ubuntu-bionic
ssh-rsa AAAAB3NzaC1yc2EAAAADAQABAAABAQDGnYA1hPK/8338oa769Rbbqph9gR0oiymvobOzeUnXAFojM0FB1952stcSLLxigq/ML3Tjabxcv1dZbFcksFH3uEIMG4axWIbFhv4wNgk8Pfk8Y1TeFjtmAnR/8CiGFQa2nyAe1jNKWE5LolsYi/klFrMC3jieCZYTWh5NNMv1JXF4IS46xuNQkojEYISKICbl9AFJPmEzSAIBVV9XzayTHeiXNWhJx0dv2cRsVH2Hcy0MoPpRZg8jMdZ93mX+qWb4l8tdMJFITiAAab9mjGnfZjMq7Jnk9d+/+KD4xgohGOAavmDMBgUEttx5ySXZ9t4IiFuhSrqnZ7nsOx1naWWB root@ubuntu-bionic
-----END SSH HOST KEY KEYS-----
[   34.519727] cloud-init[1687]: Cloud-init v. 23.1.2-0ubuntu0~18.04.1 running 'modules:final' at Sun, 11 Aug 2024 23:33:04 +0000. Up 34.16 seconds.
[   34.520774] cloud-init[1687]: Cloud-init v. 23.1.2-0ubuntu0~18.04.1 finished at Sun, 11 Aug 2024 23:33:04 +0000. Datasource DataSourceNoCloud [seed=/dev/sdb][dsmode=net].  Up 34.50 seconds
